<?xml version="1.0" encoding="UTF-8"?>
<!-- Generated by org.testng.reporters.JUnitReportReporter -->
<testsuite hostname="PLN-2032" failures="0" tests="1" name="cucumberOptions.TestNGTestRunner" time="0.115" errors="0" timestamp="2023-06-23T07:28:49 IST" skipped="0">
  <testcase classname="cucumberOptions.TestNGTestRunner" name="runScenario" time="0.115"/>
  <system-out/>
</testsuite> <!-- cucumberOptions.TestNGTestRunner -->
